<?xml version="1.0" encoding="UTF-8"?>
<testng-results ignored="0" total="2" passed="2" failed="0" skipped="0">
  <reporter-output>
  </reporter-output>
  <suite started-at="2025-07-30T14:43:31 IST" name="Surefire suite" finished-at="2025-07-30T14:43:59 IST" duration-ms="28315">
    <groups>
    </groups>
    <test started-at="2025-07-30T14:43:31 IST" name="Surefire test" finished-at="2025-07-30T14:43:59 IST" duration-ms="28315">
      <class name="tests.LoginTest">
        <test-method is-config="true" signature="setup()[pri:0, instance:tests.LoginTest@36c88a32]" started-at="2025-07-30T14:43:33 IST" name="setup" finished-at="2025-07-30T14:43:42 IST" duration-ms="9313" status="PASS">
          <reporter-output>
          </reporter-output>
        </test-method> <!-- setup -->
        <test-method signature="loginWithMultipleUsers(java.lang.String,java.lang.String,java.lang.String)[pri:0, instance:tests.LoginTest@36c88a32]" started-at="2025-07-30T14:43:42 IST" name="loginWithMultipleUsers" data-provider="loginData" finished-at="2025-07-30T14:43:47 IST" duration-ms="4912" status="PASS">
          <params>
            <param index="0">
              <value>
                <![CDATA[valid@test.com]]>
              </value>
            </param>
            <param index="1">
              <value>
                <![CDATA[password123]]>
              </value>
            </param>
            <param index="2">
              <value>
                <![CDATA[success]]>
              </value>
            </param>
          </params>
          <reporter-output>
          </reporter-output>
        </test-method> <!-- loginWithMultipleUsers -->
        <test-method is-config="true" signature="tearDown()[pri:0, instance:tests.LoginTest@36c88a32]" started-at="2025-07-30T14:43:47 IST" name="tearDown" finished-at="2025-07-30T14:43:49 IST" duration-ms="1914" status="PASS">
          <reporter-output>
          </reporter-output>
        </test-method> <!-- tearDown -->
        <test-method is-config="true" signature="setup()[pri:0, instance:tests.LoginTest@36c88a32]" started-at="2025-07-30T14:43:49 IST" name="setup" finished-at="2025-07-30T14:43:57 IST" duration-ms="7818" status="PASS">
          <reporter-output>
          </reporter-output>
        </test-method> <!-- setup -->
        <test-method signature="loginWithMultipleUsers(java.lang.String,java.lang.String,java.lang.String)[pri:0, instance:tests.LoginTest@36c88a32]" started-at="2025-07-30T14:43:57 IST" name="loginWithMultipleUsers" data-provider="loginData" finished-at="2025-07-30T14:43:59 IST" duration-ms="1873" status="PASS">
          <params>
            <param index="0">
              <value>
                <![CDATA[invalid@test.com]]>
              </value>
            </param>
            <param index="1">
              <value>
                <![CDATA[wrongpass]]>
              </value>
            </param>
            <param index="2">
              <value>
                <![CDATA[failure]]>
              </value>
            </param>
          </params>
          <reporter-output>
          </reporter-output>
        </test-method> <!-- loginWithMultipleUsers -->
        <test-method is-config="true" signature="tearDown()[pri:0, instance:tests.LoginTest@36c88a32]" started-at="2025-07-30T14:43:59 IST" name="tearDown" finished-at="2025-07-30T14:43:59 IST" duration-ms="714" status="PASS">
          <reporter-output>
          </reporter-output>
        </test-method> <!-- tearDown -->
      </class> <!-- tests.LoginTest -->
    </test> <!-- Surefire test -->
  </suite> <!-- Surefire suite -->
</testng-results>
