<?xml version="1.0" encoding="UTF-8"?>
<testng-results ignored="0" total="1" passed="1" failed="0" skipped="0">
  <reporter-output>
  </reporter-output>
  <suite started-at="2025-07-31T12:37:05 IST" name="AutomationExerciseSuite" finished-at="2025-07-31T12:37:27 IST" duration-ms="22132">
    <groups>
    </groups>
    <test started-at="2025-07-31T12:37:05 IST" name="Login Tests" finished-at="2025-07-31T12:37:27 IST" duration-ms="22132">
      <class name="tests.SearchAndFilterProducts">
        <test-method is-config="true" signature="setup()[pri:0, instance:tests.SearchAndFilterProducts@29cfd92b]" started-at="2025-07-31T12:37:05 IST" name="setup" finished-at="2025-07-31T12:37:12 IST" duration-ms="7245" status="PASS">
          <reporter-output>
          </reporter-output>
        </test-method> <!-- setup -->
        <test-method signature="testSearchAndFilterProducts()[pri:0, instance:tests.SearchAndFilterProducts@29cfd92b]" started-at="2025-07-31T12:37:13 IST" name="testSearchAndFilterProducts" finished-at="2025-07-31T12:37:27 IST" duration-ms="14324" status="PASS">
          <reporter-output>
          </reporter-output>
        </test-method> <!-- testSearchAndFilterProducts -->
        <test-method is-config="true" signature="tearDown()[pri:0, instance:tests.SearchAndFilterProducts@29cfd92b]" started-at="2025-07-31T12:37:27 IST" name="tearDown" finished-at="2025-07-31T12:37:27 IST" duration-ms="401" status="PASS">
          <reporter-output>
          </reporter-output>
        </test-method> <!-- tearDown -->
      </class> <!-- tests.SearchAndFilterProducts -->
    </test> <!-- Login Tests -->
  </suite> <!-- AutomationExerciseSuite -->
</testng-results>
